2020-02-08 14:11:21,173 INFO [main][SpringApplication.java:675] - No active profile set, falling back to default profiles: default
2020-02-08 14:11:21,935 WARN [main][EndpointId.java:135] - Endpoint ID 'service-registry' contains invalid characters, please migrate to a valid format.
2020-02-08 14:11:22,179 INFO [main][GenericScope.java:294] - BeanFactory id=33c68227-122c-36dd-8028-a36de4f592a4
2020-02-08 14:11:22,267 INFO [main][PostProcessorRegistrationDelegate.java:330] - Bean 'org.springframework.cloud.autoconfigure.ConfigurationPropertiesRebinderAutoConfiguration' of type [org.springframework.cloud.autoconfigure.ConfigurationPropertiesRebinderAutoConfiguration$$EnhancerBySpringCGLIB$$50a73a10] is not eligible for getting processed by all BeanPostProcessors (for example: not eligible for auto-proxying)
2020-02-08 14:11:22,782 INFO [main][TomcatWebServer.java:90] - Tomcat initialized with port(s): 56080 (http)
2020-02-08 14:11:22,799 INFO [main][DirectJDKLog.java:173] - Initializing ProtocolHandler ["http-nio-56080"]
2020-02-08 14:11:22,815 INFO [main][DirectJDKLog.java:173] - Starting service [Tomcat]
2020-02-08 14:11:22,816 INFO [main][DirectJDKLog.java:173] - Starting Servlet engine: [Apache Tomcat/9.0.16]
2020-02-08 14:11:22,835 INFO [main][DirectJDKLog.java:173] - The APR based Apache Tomcat Native library which allows optimal performance in production environments was not found on the java.library.path: [D:\Java\java1.8\bin;C:\WINDOWS\Sun\Java\bin;C:\WINDOWS\system32;C:\WINDOWS;E:\oracle\product\11.2.0\dbhome_1\bin;D:\Java\java1.8\bin;C:\WINDOWS\system32;C:\WINDOWS;C:\WINDOWS\System32\Wbem;C:\WINDOWS\System32\WindowsPowerShell\v1.0\;C:\WINDOWS\System32\OpenSSH\;D:\MySql\bin;E:\maven\apache-maven-3.5.2\bin;D:\javafile\visualSVN\bin;D:\javafile\mysql-5.6.45-winx64\bin;D:\javafile\nodejs\;D:\javafile\Git\cmd;C:\Program Files (x86)\Microsoft SQL Server\110\Tools\Binn\;C:\Program Files\Microsoft SQL Server\110\Tools\Binn\;C:\Program Files\Microsoft SQL Server\110\DTS\Binn\;C:\Program Files (x86)\Microsoft SQL Server\110\Tools\Binn\ManagementStudio\;C:\Program Files (x86)\Microsoft SQL Server\110\DTS\Binn\;C:\Program Files\Microsoft SQL Server\130\Tools\Binn\;C:\Program Files\Microsoft SQL Server\Client SDK\ODBC\170\Tools\Binn\;C:\Program Files\dotnet\;C:\Program Files\NVIDIA Corporation\NVIDIA NvDLISR;C:\Program Files (x86)\NVIDIA Corporation\PhysX\Common;D:\javafile\tortoiseSVN\bin;D:\javafile\tortoiseGit\bin;D:\erlang\erl10.6\bin;D:\javafile\rabbitmq\rabbitmq_server-3.8.2\sbin;C:\Users\god\AppData\Local\Microsoft\WindowsApps;C:\Users\god\AppData\Roaming\npm;;.]
2020-02-08 14:11:22,981 INFO [main][DirectJDKLog.java:173] - Initializing Spring embedded WebApplicationContext
2020-02-08 14:11:22,982 INFO [main][ServletWebServerApplicationContext.java:296] - Root WebApplicationContext: initialization completed in 1778 ms
2020-02-08 14:11:23,140 WARN [main][URLConfigurationSource.java:121] - No URLs will be polled as dynamic configuration sources.
2020-02-08 14:11:23,141 INFO [main][URLConfigurationSource.java:122] - To enable URLs as dynamic configuration sources, define System property archaius.configurationSource.additionalUrls or make config.properties available on classpath.
2020-02-08 14:11:23,154 INFO [main][DynamicPropertyFactory.java:281] - DynamicPropertyFactory is initialized with configuration sources: com.netflix.config.ConcurrentCompositeConfiguration@1386313f
2020-02-08 14:11:24,710 INFO [main][WebApplicationImpl.java:815] - Initiating Jersey application, version 'Jersey: 1.19.1 03/11/2016 02:08 PM'
2020-02-08 14:11:24,782 INFO [main][DiscoveryJerseyProvider.java:70] - Using JSON encoding codec LegacyJacksonJson
2020-02-08 14:11:24,782 INFO [main][DiscoveryJerseyProvider.java:71] - Using JSON decoding codec LegacyJacksonJson
2020-02-08 14:11:25,043 INFO [main][DiscoveryJerseyProvider.java:80] - Using XML encoding codec XStreamXml
2020-02-08 14:11:25,043 INFO [main][DiscoveryJerseyProvider.java:81] - Using XML decoding codec XStreamXml
2020-02-08 14:11:25,464 WARN [main][URLConfigurationSource.java:121] - No URLs will be polled as dynamic configuration sources.
2020-02-08 14:11:25,464 INFO [main][URLConfigurationSource.java:122] - To enable URLs as dynamic configuration sources, define System property archaius.configurationSource.additionalUrls or make config.properties available on classpath.
2020-02-08 14:11:25,617 INFO [main][ExecutorConfigurationSupport.java:171] - Initializing ExecutorService 'applicationTaskExecutor'
2020-02-08 14:11:26,935 INFO [main][InstanceInfoFactory.java:71] - Setting initial instance status as: STARTING
2020-02-08 14:11:26,957 INFO [main][DiscoveryClient.java:349] - Initializing Eureka in region us-east-1
2020-02-08 14:11:26,957 INFO [main][DiscoveryClient.java:352] - Client configured to neither register nor query for data.
2020-02-08 14:11:27,007 INFO [main][DiscoveryClient.java:365] - Discovery Client initialized at timestamp 1581142286963 with initial instances count: 0
2020-02-08 14:11:27,048 INFO [main][DefaultEurekaServerContext.java:63] - Initializing ...
2020-02-08 14:11:27,050 INFO [main][PeerEurekaNodes.java:188] - Adding new peer nodes [http://localhost:56080/eureka/]
2020-02-08 14:11:28,118 INFO [main][DiscoveryJerseyProvider.java:70] - Using JSON encoding codec LegacyJacksonJson
2020-02-08 14:11:28,119 INFO [main][DiscoveryJerseyProvider.java:71] - Using JSON decoding codec LegacyJacksonJson
2020-02-08 14:11:28,119 INFO [main][DiscoveryJerseyProvider.java:80] - Using XML encoding codec XStreamXml
2020-02-08 14:11:28,119 INFO [main][DiscoveryJerseyProvider.java:81] - Using XML decoding codec XStreamXml
2020-02-08 14:11:28,220 INFO [main][PeerEurekaNodes.java:110] - Replica node URL:  http://localhost:56080/eureka/
2020-02-08 14:11:28,228 INFO [main][AbstractInstanceRegistry.java:151] - Finished initializing remote region registries. All known remote regions: []
2020-02-08 14:11:28,229 INFO [main][DefaultEurekaServerContext.java:70] - Initialized
2020-02-08 14:11:28,239 INFO [main][EndpointLinksResolver.java:59] - Exposing 2 endpoint(s) beneath base path '/actuator'
2020-02-08 14:11:28,319 INFO [main][EurekaServiceRegistry.java:42] - Registering application SEATA-DEMO-DISCOVERY with eureka with status UP
2020-02-08 14:11:28,322 INFO [Thread-34][EurekaServerBootstrap.java:109] - Setting the eureka configuration..
2020-02-08 14:11:28,322 INFO [Thread-34][EurekaServerBootstrap.java:114] - Eureka data center value eureka.datacenter is not set, defaulting to default
2020-02-08 14:11:28,323 INFO [Thread-34][EurekaServerBootstrap.java:128] - Eureka environment value eureka.environment is not set, defaulting to test
2020-02-08 14:11:28,338 INFO [main][DirectJDKLog.java:173] - Starting ProtocolHandler ["http-nio-56080"]
2020-02-08 14:11:28,343 INFO [Thread-34][EurekaServerBootstrap.java:184] - isAws returned false
2020-02-08 14:11:28,344 INFO [Thread-34][EurekaServerBootstrap.java:152] - Initialized server context
2020-02-08 14:11:28,344 INFO [Thread-34][PeerAwareInstanceRegistryImpl.java:241] - Got 1 instances from neighboring DS node
2020-02-08 14:11:28,344 INFO [Thread-34][PeerAwareInstanceRegistryImpl.java:242] - Renew threshold is: 1
2020-02-08 14:11:28,344 INFO [Thread-34][PeerAwareInstanceRegistryImpl.java:253] - Changing status to UP
2020-02-08 14:11:28,350 INFO [Thread-34][EurekaServerInitializerConfiguration.java:72] - Started Eureka Server
2020-02-08 14:11:28,369 INFO [main][TomcatWebServer.java:204] - Tomcat started on port(s): 56080 (http) with context path ''
2020-02-08 14:11:28,370 INFO [main][EurekaAutoServiceRegistration.java:141] - Updating port to 56080
2020-02-08 14:11:28,372 INFO [main][StartupInfoLogger.java:59] - Started DiscoveryServer in 10.429 seconds (JVM running for 13.287)
2020-02-08 14:11:38,345 INFO [Eureka-EvictionTimer][AbstractInstanceRegistry.java:1250] - Running the evict task with compensationTime 0ms
2020-02-08 14:11:48,346 INFO [Eureka-EvictionTimer][AbstractInstanceRegistry.java:1250] - Running the evict task with compensationTime 0ms
2020-02-08 14:11:58,347 INFO [Eureka-EvictionTimer][AbstractInstanceRegistry.java:1250] - Running the evict task with compensationTime 0ms
2020-02-08 14:12:08,347 INFO [Eureka-EvictionTimer][AbstractInstanceRegistry.java:1250] - Running the evict task with compensationTime 0ms
2020-02-08 14:12:18,348 INFO [Eureka-EvictionTimer][AbstractInstanceRegistry.java:1250] - Running the evict task with compensationTime 0ms
2020-02-08 14:12:28,348 INFO [Eureka-EvictionTimer][AbstractInstanceRegistry.java:1250] - Running the evict task with compensationTime 0ms
2020-02-08 14:12:38,349 INFO [Eureka-EvictionTimer][AbstractInstanceRegistry.java:1250] - Running the evict task with compensationTime 0ms
2020-02-08 14:12:48,349 INFO [Eureka-EvictionTimer][AbstractInstanceRegistry.java:1250] - Running the evict task with compensationTime 0ms
2020-02-08 14:12:58,350 INFO [Eureka-EvictionTimer][AbstractInstanceRegistry.java:1250] - Running the evict task with compensationTime 0ms
2020-02-08 14:13:08,350 INFO [Eureka-EvictionTimer][AbstractInstanceRegistry.java:1250] - Running the evict task with compensationTime 0ms
2020-02-08 14:13:18,351 INFO [Eureka-EvictionTimer][AbstractInstanceRegistry.java:1250] - Running the evict task with compensationTime 0ms
2020-02-08 14:13:28,351 INFO [Eureka-EvictionTimer][AbstractInstanceRegistry.java:1250] - Running the evict task with compensationTime 0ms
2020-02-08 14:13:38,351 INFO [Eureka-EvictionTimer][AbstractInstanceRegistry.java:1250] - Running the evict task with compensationTime 0ms
2020-02-08 14:13:48,352 INFO [Eureka-EvictionTimer][AbstractInstanceRegistry.java:1250] - Running the evict task with compensationTime 0ms
2020-02-08 14:13:58,353 INFO [Eureka-EvictionTimer][AbstractInstanceRegistry.java:1250] - Running the evict task with compensationTime 0ms
2020-02-08 14:14:08,353 INFO [Eureka-EvictionTimer][AbstractInstanceRegistry.java:1250] - Running the evict task with compensationTime 0ms
2020-02-08 14:14:18,353 INFO [Eureka-EvictionTimer][AbstractInstanceRegistry.java:1250] - Running the evict task with compensationTime 0ms
2020-02-08 14:14:28,353 INFO [Eureka-EvictionTimer][AbstractInstanceRegistry.java:1250] - Running the evict task with compensationTime 0ms
2020-02-08 14:14:38,353 INFO [Eureka-EvictionTimer][AbstractInstanceRegistry.java:1250] - Running the evict task with compensationTime 0ms
2020-02-08 14:14:48,354 INFO [Eureka-EvictionTimer][AbstractInstanceRegistry.java:1250] - Running the evict task with compensationTime 0ms
2020-02-08 14:14:58,354 INFO [Eureka-EvictionTimer][AbstractInstanceRegistry.java:1250] - Running the evict task with compensationTime 0ms
2020-02-08 14:15:08,355 INFO [Eureka-EvictionTimer][AbstractInstanceRegistry.java:1250] - Running the evict task with compensationTime 0ms
2020-02-08 14:15:18,355 INFO [Eureka-EvictionTimer][AbstractInstanceRegistry.java:1250] - Running the evict task with compensationTime 0ms
2020-02-08 14:15:28,402 INFO [Eureka-EvictionTimer][AbstractInstanceRegistry.java:1250] - Running the evict task with compensationTime 46ms
2020-02-08 14:15:38,401 INFO [Eureka-EvictionTimer][AbstractInstanceRegistry.java:1250] - Running the evict task with compensationTime 0ms
2020-02-08 14:15:48,402 INFO [Eureka-EvictionTimer][AbstractInstanceRegistry.java:1250] - Running the evict task with compensationTime 0ms
2020-02-08 14:15:58,402 INFO [Eureka-EvictionTimer][AbstractInstanceRegistry.java:1250] - Running the evict task with compensationTime 0ms
2020-02-08 14:16:08,403 INFO [Eureka-EvictionTimer][AbstractInstanceRegistry.java:1250] - Running the evict task with compensationTime 0ms
2020-02-08 14:16:18,403 INFO [Eureka-EvictionTimer][AbstractInstanceRegistry.java:1250] - Running the evict task with compensationTime 0ms
2020-02-08 14:16:28,403 INFO [Eureka-EvictionTimer][AbstractInstanceRegistry.java:1250] - Running the evict task with compensationTime 0ms
2020-02-08 14:16:38,404 INFO [Eureka-EvictionTimer][AbstractInstanceRegistry.java:1250] - Running the evict task with compensationTime 0ms
2020-02-08 14:16:48,404 INFO [Eureka-EvictionTimer][AbstractInstanceRegistry.java:1250] - Running the evict task with compensationTime 0ms
2020-02-08 14:16:58,405 INFO [Eureka-EvictionTimer][AbstractInstanceRegistry.java:1250] - Running the evict task with compensationTime 0ms
2020-02-08 14:17:08,405 INFO [Eureka-EvictionTimer][AbstractInstanceRegistry.java:1250] - Running the evict task with compensationTime 0ms
2020-02-08 14:17:18,406 INFO [Eureka-EvictionTimer][AbstractInstanceRegistry.java:1250] - Running the evict task with compensationTime 0ms
2020-02-08 14:17:28,406 INFO [Eureka-EvictionTimer][AbstractInstanceRegistry.java:1250] - Running the evict task with compensationTime 0ms
2020-02-08 14:17:38,406 INFO [Eureka-EvictionTimer][AbstractInstanceRegistry.java:1250] - Running the evict task with compensationTime 0ms
2020-02-08 14:17:48,407 INFO [Eureka-EvictionTimer][AbstractInstanceRegistry.java:1250] - Running the evict task with compensationTime 0ms
2020-02-08 14:17:58,407 INFO [Eureka-EvictionTimer][AbstractInstanceRegistry.java:1250] - Running the evict task with compensationTime 0ms
2020-02-08 14:18:08,407 INFO [Eureka-EvictionTimer][AbstractInstanceRegistry.java:1250] - Running the evict task with compensationTime 0ms
2020-02-08 14:18:18,408 INFO [Eureka-EvictionTimer][AbstractInstanceRegistry.java:1250] - Running the evict task with compensationTime 0ms
2020-02-08 14:18:28,409 INFO [Eureka-EvictionTimer][AbstractInstanceRegistry.java:1250] - Running the evict task with compensationTime 0ms
2020-02-08 14:18:38,409 INFO [Eureka-EvictionTimer][AbstractInstanceRegistry.java:1250] - Running the evict task with compensationTime 0ms
2020-02-08 14:18:48,409 INFO [Eureka-EvictionTimer][AbstractInstanceRegistry.java:1250] - Running the evict task with compensationTime 0ms
2020-02-08 14:18:58,409 INFO [Eureka-EvictionTimer][AbstractInstanceRegistry.java:1250] - Running the evict task with compensationTime 0ms
2020-02-08 14:19:08,410 INFO [Eureka-EvictionTimer][AbstractInstanceRegistry.java:1250] - Running the evict task with compensationTime 0ms
2020-02-08 14:19:18,410 INFO [Eureka-EvictionTimer][AbstractInstanceRegistry.java:1250] - Running the evict task with compensationTime 0ms
2020-02-08 14:19:28,411 INFO [Eureka-EvictionTimer][AbstractInstanceRegistry.java:1250] - Running the evict task with compensationTime 0ms
2020-02-08 14:19:38,411 INFO [Eureka-EvictionTimer][AbstractInstanceRegistry.java:1250] - Running the evict task with compensationTime 0ms
2020-02-08 14:19:48,412 INFO [Eureka-EvictionTimer][AbstractInstanceRegistry.java:1250] - Running the evict task with compensationTime 0ms
2020-02-08 14:19:58,412 INFO [Eureka-EvictionTimer][AbstractInstanceRegistry.java:1250] - Running the evict task with compensationTime 0ms
2020-02-08 14:20:08,413 INFO [Eureka-EvictionTimer][AbstractInstanceRegistry.java:1250] - Running the evict task with compensationTime 1ms
2020-02-08 14:20:18,414 INFO [Eureka-EvictionTimer][AbstractInstanceRegistry.java:1250] - Running the evict task with compensationTime 0ms
2020-02-08 14:20:28,414 INFO [Eureka-EvictionTimer][AbstractInstanceRegistry.java:1250] - Running the evict task with compensationTime 0ms
2020-02-08 14:20:38,415 INFO [Eureka-EvictionTimer][AbstractInstanceRegistry.java:1250] - Running the evict task with compensationTime 0ms
2020-02-08 14:20:48,415 INFO [Eureka-EvictionTimer][AbstractInstanceRegistry.java:1250] - Running the evict task with compensationTime 0ms
2020-02-08 14:20:58,415 INFO [Eureka-EvictionTimer][AbstractInstanceRegistry.java:1250] - Running the evict task with compensationTime 0ms
2020-02-08 14:21:08,416 INFO [Eureka-EvictionTimer][AbstractInstanceRegistry.java:1250] - Running the evict task with compensationTime 0ms
2020-02-08 14:21:18,417 INFO [Eureka-EvictionTimer][AbstractInstanceRegistry.java:1250] - Running the evict task with compensationTime 0ms
2020-02-08 14:21:28,417 INFO [Eureka-EvictionTimer][AbstractInstanceRegistry.java:1250] - Running the evict task with compensationTime 0ms
2020-02-08 14:21:38,417 INFO [Eureka-EvictionTimer][AbstractInstanceRegistry.java:1250] - Running the evict task with compensationTime 0ms
2020-02-08 14:21:48,417 INFO [Eureka-EvictionTimer][AbstractInstanceRegistry.java:1250] - Running the evict task with compensationTime 0ms
2020-02-08 14:21:58,418 INFO [Eureka-EvictionTimer][AbstractInstanceRegistry.java:1250] - Running the evict task with compensationTime 0ms
2020-02-08 14:22:08,418 INFO [Eureka-EvictionTimer][AbstractInstanceRegistry.java:1250] - Running the evict task with compensationTime 0ms
2020-02-08 14:22:18,419 INFO [Eureka-EvictionTimer][AbstractInstanceRegistry.java:1250] - Running the evict task with compensationTime 0ms
2020-02-08 14:22:28,419 INFO [Eureka-EvictionTimer][AbstractInstanceRegistry.java:1250] - Running the evict task with compensationTime 0ms
2020-02-08 14:22:38,419 INFO [Eureka-EvictionTimer][AbstractInstanceRegistry.java:1250] - Running the evict task with compensationTime 0ms
2020-02-08 14:22:48,420 INFO [Eureka-EvictionTimer][AbstractInstanceRegistry.java:1250] - Running the evict task with compensationTime 0ms
2020-02-08 14:22:58,421 INFO [Eureka-EvictionTimer][AbstractInstanceRegistry.java:1250] - Running the evict task with compensationTime 0ms
2020-02-08 14:23:08,422 INFO [Eureka-EvictionTimer][AbstractInstanceRegistry.java:1250] - Running the evict task with compensationTime 0ms
2020-02-08 14:23:18,422 INFO [Eureka-EvictionTimer][AbstractInstanceRegistry.java:1250] - Running the evict task with compensationTime 0ms
2020-02-08 14:23:28,422 INFO [Eureka-EvictionTimer][AbstractInstanceRegistry.java:1250] - Running the evict task with compensationTime 0ms
2020-02-08 14:23:38,423 INFO [Eureka-EvictionTimer][AbstractInstanceRegistry.java:1250] - Running the evict task with compensationTime 0ms
2020-02-08 14:23:48,423 INFO [Eureka-EvictionTimer][AbstractInstanceRegistry.java:1250] - Running the evict task with compensationTime 0ms
2020-02-08 14:23:58,424 INFO [Eureka-EvictionTimer][AbstractInstanceRegistry.java:1250] - Running the evict task with compensationTime 0ms
2020-02-08 14:24:08,425 INFO [Eureka-EvictionTimer][AbstractInstanceRegistry.java:1250] - Running the evict task with compensationTime 0ms
2020-02-08 14:24:18,425 INFO [Eureka-EvictionTimer][AbstractInstanceRegistry.java:1250] - Running the evict task with compensationTime 0ms
2020-02-08 14:24:28,426 INFO [Eureka-EvictionTimer][AbstractInstanceRegistry.java:1250] - Running the evict task with compensationTime 0ms
2020-02-08 14:24:38,426 INFO [Eureka-EvictionTimer][AbstractInstanceRegistry.java:1250] - Running the evict task with compensationTime 0ms
2020-02-08 14:24:48,427 INFO [Eureka-EvictionTimer][AbstractInstanceRegistry.java:1250] - Running the evict task with compensationTime 0ms
2020-02-08 14:24:58,427 INFO [Eureka-EvictionTimer][AbstractInstanceRegistry.java:1250] - Running the evict task with compensationTime 0ms
2020-02-08 14:25:08,427 INFO [Eureka-EvictionTimer][AbstractInstanceRegistry.java:1250] - Running the evict task with compensationTime 0ms
2020-02-08 14:25:18,428 INFO [Eureka-EvictionTimer][AbstractInstanceRegistry.java:1250] - Running the evict task with compensationTime 0ms
2020-02-08 14:25:28,429 INFO [Eureka-EvictionTimer][AbstractInstanceRegistry.java:1250] - Running the evict task with compensationTime 0ms
2020-02-08 14:25:38,429 INFO [Eureka-EvictionTimer][AbstractInstanceRegistry.java:1250] - Running the evict task with compensationTime 0ms
2020-02-08 14:25:48,430 INFO [Eureka-EvictionTimer][AbstractInstanceRegistry.java:1250] - Running the evict task with compensationTime 0ms
2020-02-08 14:25:58,430 INFO [Eureka-EvictionTimer][AbstractInstanceRegistry.java:1250] - Running the evict task with compensationTime 0ms
2020-02-08 14:26:08,431 INFO [Eureka-EvictionTimer][AbstractInstanceRegistry.java:1250] - Running the evict task with compensationTime 0ms
2020-02-08 14:26:18,431 INFO [Eureka-EvictionTimer][AbstractInstanceRegistry.java:1250] - Running the evict task with compensationTime 0ms
2020-02-08 14:26:28,229 INFO [ReplicaAwareInstanceRegistry - RenewalThresholdUpdater][PeerAwareInstanceRegistryImpl.java:539] - Current renewal threshold is : 0
2020-02-08 14:26:28,432 INFO [Eureka-EvictionTimer][AbstractInstanceRegistry.java:1250] - Running the evict task with compensationTime 0ms
2020-02-08 14:26:38,432 INFO [Eureka-EvictionTimer][AbstractInstanceRegistry.java:1250] - Running the evict task with compensationTime 0ms
2020-02-08 14:26:48,432 INFO [Eureka-EvictionTimer][AbstractInstanceRegistry.java:1250] - Running the evict task with compensationTime 0ms
2020-02-08 14:26:58,433 INFO [Eureka-EvictionTimer][AbstractInstanceRegistry.java:1250] - Running the evict task with compensationTime 0ms
2020-02-08 14:27:08,433 INFO [Eureka-EvictionTimer][AbstractInstanceRegistry.java:1250] - Running the evict task with compensationTime 0ms
2020-02-08 14:27:18,434 INFO [Eureka-EvictionTimer][AbstractInstanceRegistry.java:1250] - Running the evict task with compensationTime 0ms
2020-02-08 14:27:28,435 INFO [Eureka-EvictionTimer][AbstractInstanceRegistry.java:1250] - Running the evict task with compensationTime 0ms
2020-02-08 14:36:38,076 INFO [main][SpringApplication.java:675] - No active profile set, falling back to default profiles: default
2020-02-08 14:36:38,698 WARN [main][EndpointId.java:135] - Endpoint ID 'service-registry' contains invalid characters, please migrate to a valid format.
2020-02-08 14:36:38,938 INFO [main][GenericScope.java:294] - BeanFactory id=33c68227-122c-36dd-8028-a36de4f592a4
2020-02-08 14:36:39,026 INFO [main][PostProcessorRegistrationDelegate.java:330] - Bean 'org.springframework.cloud.autoconfigure.ConfigurationPropertiesRebinderAutoConfiguration' of type [org.springframework.cloud.autoconfigure.ConfigurationPropertiesRebinderAutoConfiguration$$EnhancerBySpringCGLIB$$e081bcd] is not eligible for getting processed by all BeanPostProcessors (for example: not eligible for auto-proxying)
2020-02-08 14:36:39,358 INFO [main][TomcatWebServer.java:90] - Tomcat initialized with port(s): 56080 (http)
2020-02-08 14:36:39,381 INFO [main][DirectJDKLog.java:173] - Initializing ProtocolHandler ["http-nio-56080"]
2020-02-08 14:36:39,394 INFO [main][DirectJDKLog.java:173] - Starting service [Tomcat]
2020-02-08 14:36:39,395 INFO [main][DirectJDKLog.java:173] - Starting Servlet engine: [Apache Tomcat/9.0.16]
2020-02-08 14:36:39,402 INFO [main][DirectJDKLog.java:173] - The APR based Apache Tomcat Native library which allows optimal performance in production environments was not found on the java.library.path: [D:\Java\java1.8\bin;C:\WINDOWS\Sun\Java\bin;C:\WINDOWS\system32;C:\WINDOWS;E:\oracle\product\11.2.0\dbhome_1\bin;D:\Java\java1.8\bin;C:\WINDOWS\system32;C:\WINDOWS;C:\WINDOWS\System32\Wbem;C:\WINDOWS\System32\WindowsPowerShell\v1.0\;C:\WINDOWS\System32\OpenSSH\;D:\MySql\bin;E:\maven\apache-maven-3.5.2\bin;D:\javafile\visualSVN\bin;D:\javafile\mysql-5.6.45-winx64\bin;D:\javafile\nodejs\;D:\javafile\Git\cmd;C:\Program Files (x86)\Microsoft SQL Server\110\Tools\Binn\;C:\Program Files\Microsoft SQL Server\110\Tools\Binn\;C:\Program Files\Microsoft SQL Server\110\DTS\Binn\;C:\Program Files (x86)\Microsoft SQL Server\110\Tools\Binn\ManagementStudio\;C:\Program Files (x86)\Microsoft SQL Server\110\DTS\Binn\;C:\Program Files\Microsoft SQL Server\130\Tools\Binn\;C:\Program Files\Microsoft SQL Server\Client SDK\ODBC\170\Tools\Binn\;C:\Program Files\dotnet\;C:\Program Files\NVIDIA Corporation\NVIDIA NvDLISR;C:\Program Files (x86)\NVIDIA Corporation\PhysX\Common;D:\javafile\tortoiseSVN\bin;D:\javafile\tortoiseGit\bin;D:\erlang\erl10.6\bin;D:\javafile\rabbitmq\rabbitmq_server-3.8.2\sbin;C:\Users\god\AppData\Local\Microsoft\WindowsApps;C:\Users\god\AppData\Roaming\npm;;.]
2020-02-08 14:36:39,530 INFO [main][DirectJDKLog.java:173] - Initializing Spring embedded WebApplicationContext
2020-02-08 14:36:39,531 INFO [main][ServletWebServerApplicationContext.java:296] - Root WebApplicationContext: initialization completed in 1444 ms
2020-02-08 14:36:39,620 WARN [main][URLConfigurationSource.java:121] - No URLs will be polled as dynamic configuration sources.
2020-02-08 14:36:39,621 INFO [main][URLConfigurationSource.java:122] - To enable URLs as dynamic configuration sources, define System property archaius.configurationSource.additionalUrls or make config.properties available on classpath.
2020-02-08 14:36:39,634 INFO [main][DynamicPropertyFactory.java:281] - DynamicPropertyFactory is initialized with configuration sources: com.netflix.config.ConcurrentCompositeConfiguration@5922d3e9
2020-02-08 14:36:41,184 INFO [main][WebApplicationImpl.java:815] - Initiating Jersey application, version 'Jersey: 1.19.1 03/11/2016 02:08 PM'
2020-02-08 14:36:41,242 INFO [main][DiscoveryJerseyProvider.java:70] - Using JSON encoding codec LegacyJacksonJson
2020-02-08 14:36:41,242 INFO [main][DiscoveryJerseyProvider.java:71] - Using JSON decoding codec LegacyJacksonJson
2020-02-08 14:36:41,326 INFO [main][DiscoveryJerseyProvider.java:80] - Using XML encoding codec XStreamXml
2020-02-08 14:36:41,327 INFO [main][DiscoveryJerseyProvider.java:81] - Using XML decoding codec XStreamXml
2020-02-08 14:36:41,569 WARN [main][URLConfigurationSource.java:121] - No URLs will be polled as dynamic configuration sources.
2020-02-08 14:36:41,569 INFO [main][URLConfigurationSource.java:122] - To enable URLs as dynamic configuration sources, define System property archaius.configurationSource.additionalUrls or make config.properties available on classpath.
2020-02-08 14:36:41,712 INFO [main][ExecutorConfigurationSupport.java:171] - Initializing ExecutorService 'applicationTaskExecutor'
2020-02-08 14:36:42,950 INFO [main][InstanceInfoFactory.java:71] - Setting initial instance status as: STARTING
2020-02-08 14:36:42,974 INFO [main][DiscoveryClient.java:349] - Initializing Eureka in region us-east-1
2020-02-08 14:36:42,974 INFO [main][DiscoveryClient.java:352] - Client configured to neither register nor query for data.
2020-02-08 14:36:42,979 INFO [main][DiscoveryClient.java:365] - Discovery Client initialized at timestamp 1581143802978 with initial instances count: 0
2020-02-08 14:36:43,007 INFO [main][DefaultEurekaServerContext.java:63] - Initializing ...
2020-02-08 14:36:43,009 INFO [main][PeerEurekaNodes.java:188] - Adding new peer nodes [http://localhost:56080/eureka/]
2020-02-08 14:36:43,606 INFO [main][DiscoveryJerseyProvider.java:70] - Using JSON encoding codec LegacyJacksonJson
2020-02-08 14:36:43,606 INFO [main][DiscoveryJerseyProvider.java:71] - Using JSON decoding codec LegacyJacksonJson
2020-02-08 14:36:43,607 INFO [main][DiscoveryJerseyProvider.java:80] - Using XML encoding codec XStreamXml
2020-02-08 14:36:43,607 INFO [main][DiscoveryJerseyProvider.java:81] - Using XML decoding codec XStreamXml
2020-02-08 14:36:43,694 INFO [main][PeerEurekaNodes.java:110] - Replica node URL:  http://localhost:56080/eureka/
2020-02-08 14:36:43,701 INFO [main][AbstractInstanceRegistry.java:151] - Finished initializing remote region registries. All known remote regions: []
2020-02-08 14:36:43,702 INFO [main][DefaultEurekaServerContext.java:70] - Initialized
2020-02-08 14:36:43,712 INFO [main][EndpointLinksResolver.java:59] - Exposing 2 endpoint(s) beneath base path '/actuator'
2020-02-08 14:36:43,783 INFO [main][EurekaServiceRegistry.java:42] - Registering application SEATA-DEMO-DISCOVERY with eureka with status UP
2020-02-08 14:36:43,786 INFO [Thread-30][EurekaServerBootstrap.java:109] - Setting the eureka configuration..
2020-02-08 14:36:43,787 INFO [Thread-30][EurekaServerBootstrap.java:114] - Eureka data center value eureka.datacenter is not set, defaulting to default
2020-02-08 14:36:43,788 INFO [Thread-30][EurekaServerBootstrap.java:128] - Eureka environment value eureka.environment is not set, defaulting to test
2020-02-08 14:36:43,802 INFO [Thread-30][EurekaServerBootstrap.java:184] - isAws returned false
2020-02-08 14:36:43,802 INFO [Thread-30][EurekaServerBootstrap.java:152] - Initialized server context
2020-02-08 14:36:43,802 INFO [Thread-30][PeerAwareInstanceRegistryImpl.java:241] - Got 1 instances from neighboring DS node
2020-02-08 14:36:43,802 INFO [Thread-30][PeerAwareInstanceRegistryImpl.java:242] - Renew threshold is: 1
2020-02-08 14:36:43,803 INFO [Thread-30][PeerAwareInstanceRegistryImpl.java:253] - Changing status to UP
2020-02-08 14:36:43,803 INFO [main][DirectJDKLog.java:173] - Starting ProtocolHandler ["http-nio-56080"]
2020-02-08 14:36:43,809 INFO [Thread-30][EurekaServerInitializerConfiguration.java:72] - Started Eureka Server
2020-02-08 14:36:43,830 INFO [main][TomcatWebServer.java:204] - Tomcat started on port(s): 56080 (http) with context path ''
2020-02-08 14:36:43,831 INFO [main][EurekaAutoServiceRegistration.java:141] - Updating port to 56080
2020-02-08 14:36:43,833 INFO [main][StartupInfoLogger.java:59] - Started DiscoveryServer in 8.543 seconds (JVM running for 10.063)
2020-02-08 14:36:53,804 INFO [Eureka-EvictionTimer][AbstractInstanceRegistry.java:1250] - Running the evict task with compensationTime 0ms
2020-02-08 14:37:03,805 INFO [Eureka-EvictionTimer][AbstractInstanceRegistry.java:1250] - Running the evict task with compensationTime 0ms
2020-02-08 14:37:13,805 INFO [Eureka-EvictionTimer][AbstractInstanceRegistry.java:1250] - Running the evict task with compensationTime 0ms
2020-02-08 14:37:23,806 INFO [Eureka-EvictionTimer][AbstractInstanceRegistry.java:1250] - Running the evict task with compensationTime 0ms
2020-02-08 14:37:33,807 INFO [Eureka-EvictionTimer][AbstractInstanceRegistry.java:1250] - Running the evict task with compensationTime 0ms
2020-02-08 14:37:43,807 INFO [Eureka-EvictionTimer][AbstractInstanceRegistry.java:1250] - Running the evict task with compensationTime 0ms
2020-02-08 14:37:53,808 INFO [Eureka-EvictionTimer][AbstractInstanceRegistry.java:1250] - Running the evict task with compensationTime 1ms
2020-02-08 14:38:03,809 INFO [Eureka-EvictionTimer][AbstractInstanceRegistry.java:1250] - Running the evict task with compensationTime 0ms
2020-02-08 14:38:13,809 INFO [Eureka-EvictionTimer][AbstractInstanceRegistry.java:1250] - Running the evict task with compensationTime 0ms
2020-02-08 14:38:23,810 INFO [Eureka-EvictionTimer][AbstractInstanceRegistry.java:1250] - Running the evict task with compensationTime 0ms
2020-02-08 14:38:33,811 INFO [Eureka-EvictionTimer][AbstractInstanceRegistry.java:1250] - Running the evict task with compensationTime 0ms
2020-02-08 14:38:43,811 INFO [Eureka-EvictionTimer][AbstractInstanceRegistry.java:1250] - Running the evict task with compensationTime 0ms
2020-02-08 14:38:53,811 INFO [Eureka-EvictionTimer][AbstractInstanceRegistry.java:1250] - Running the evict task with compensationTime 0ms
2020-02-08 14:39:03,812 INFO [Eureka-EvictionTimer][AbstractInstanceRegistry.java:1250] - Running the evict task with compensationTime 1ms
2020-02-08 14:39:13,812 INFO [Eureka-EvictionTimer][AbstractInstanceRegistry.java:1250] - Running the evict task with compensationTime 0ms
2020-02-08 14:39:23,813 INFO [Eureka-EvictionTimer][AbstractInstanceRegistry.java:1250] - Running the evict task with compensationTime 0ms
2020-02-08 14:39:33,814 INFO [Eureka-EvictionTimer][AbstractInstanceRegistry.java:1250] - Running the evict task with compensationTime 0ms
2020-02-08 14:39:43,814 INFO [Eureka-EvictionTimer][AbstractInstanceRegistry.java:1250] - Running the evict task with compensationTime 0ms
2020-02-08 14:39:53,815 INFO [Eureka-EvictionTimer][AbstractInstanceRegistry.java:1250] - Running the evict task with compensationTime 0ms
2020-02-08 14:40:03,815 INFO [Eureka-EvictionTimer][AbstractInstanceRegistry.java:1250] - Running the evict task with compensationTime 0ms
2020-02-08 14:40:13,815 INFO [Eureka-EvictionTimer][AbstractInstanceRegistry.java:1250] - Running the evict task with compensationTime 0ms
2020-02-08 14:40:23,816 INFO [Eureka-EvictionTimer][AbstractInstanceRegistry.java:1250] - Running the evict task with compensationTime 0ms
2020-02-08 14:40:33,816 INFO [Eureka-EvictionTimer][AbstractInstanceRegistry.java:1250] - Running the evict task with compensationTime 0ms
2020-02-08 14:40:43,817 INFO [Eureka-EvictionTimer][AbstractInstanceRegistry.java:1250] - Running the evict task with compensationTime 0ms
2020-02-08 14:40:53,817 INFO [Eureka-EvictionTimer][AbstractInstanceRegistry.java:1250] - Running the evict task with compensationTime 0ms
2020-02-08 14:41:03,817 INFO [Eureka-EvictionTimer][AbstractInstanceRegistry.java:1250] - Running the evict task with compensationTime 0ms
2020-02-08 14:41:13,818 INFO [Eureka-EvictionTimer][AbstractInstanceRegistry.java:1250] - Running the evict task with compensationTime 0ms
2020-02-08 14:41:23,819 INFO [Eureka-EvictionTimer][AbstractInstanceRegistry.java:1250] - Running the evict task with compensationTime 0ms
2020-02-08 14:41:33,819 INFO [Eureka-EvictionTimer][AbstractInstanceRegistry.java:1250] - Running the evict task with compensationTime 0ms
2020-02-08 14:41:43,819 INFO [Eureka-EvictionTimer][AbstractInstanceRegistry.java:1250] - Running the evict task with compensationTime 0ms
2020-02-08 14:41:53,820 INFO [Eureka-EvictionTimer][AbstractInstanceRegistry.java:1250] - Running the evict task with compensationTime 0ms
2020-02-08 14:42:03,820 INFO [Eureka-EvictionTimer][AbstractInstanceRegistry.java:1250] - Running the evict task with compensationTime 0ms
2020-02-08 14:42:13,821 INFO [Eureka-EvictionTimer][AbstractInstanceRegistry.java:1250] - Running the evict task with compensationTime 0ms
2020-02-08 14:42:23,821 INFO [Eureka-EvictionTimer][AbstractInstanceRegistry.java:1250] - Running the evict task with compensationTime 0ms
2020-02-08 14:42:33,821 INFO [Eureka-EvictionTimer][AbstractInstanceRegistry.java:1250] - Running the evict task with compensationTime 0ms
2020-02-08 14:42:43,822 INFO [Eureka-EvictionTimer][AbstractInstanceRegistry.java:1250] - Running the evict task with compensationTime 0ms
2020-02-08 14:42:53,822 INFO [Eureka-EvictionTimer][AbstractInstanceRegistry.java:1250] - Running the evict task with compensationTime 0ms
2020-02-08 14:43:03,823 INFO [Eureka-EvictionTimer][AbstractInstanceRegistry.java:1250] - Running the evict task with compensationTime 0ms
2020-02-08 14:43:13,823 INFO [Eureka-EvictionTimer][AbstractInstanceRegistry.java:1250] - Running the evict task with compensationTime 0ms
2020-02-08 14:43:23,825 INFO [Eureka-EvictionTimer][AbstractInstanceRegistry.java:1250] - Running the evict task with compensationTime 1ms
2020-02-08 14:43:33,825 INFO [Eureka-EvictionTimer][AbstractInstanceRegistry.java:1250] - Running the evict task with compensationTime 0ms
2020-02-08 14:43:43,826 INFO [Eureka-EvictionTimer][AbstractInstanceRegistry.java:1250] - Running the evict task with compensationTime 0ms
2020-02-08 14:43:53,826 INFO [Eureka-EvictionTimer][AbstractInstanceRegistry.java:1250] - Running the evict task with compensationTime 0ms
2020-02-08 14:44:03,827 INFO [Eureka-EvictionTimer][AbstractInstanceRegistry.java:1250] - Running the evict task with compensationTime 0ms
2020-02-08 14:44:13,827 INFO [Eureka-EvictionTimer][AbstractInstanceRegistry.java:1250] - Running the evict task with compensationTime 0ms
2020-02-08 14:44:23,828 INFO [Eureka-EvictionTimer][AbstractInstanceRegistry.java:1250] - Running the evict task with compensationTime 0ms
2020-02-08 14:44:33,829 INFO [Eureka-EvictionTimer][AbstractInstanceRegistry.java:1250] - Running the evict task with compensationTime 0ms
2020-02-08 14:44:43,829 INFO [Eureka-EvictionTimer][AbstractInstanceRegistry.java:1250] - Running the evict task with compensationTime 0ms
2020-02-08 14:44:53,830 INFO [Eureka-EvictionTimer][AbstractInstanceRegistry.java:1250] - Running the evict task with compensationTime 1ms
2020-02-08 14:45:03,831 INFO [Eureka-EvictionTimer][AbstractInstanceRegistry.java:1250] - Running the evict task with compensationTime 0ms
2020-02-08 14:45:13,831 INFO [Eureka-EvictionTimer][AbstractInstanceRegistry.java:1250] - Running the evict task with compensationTime 0ms
2020-02-08 14:45:23,831 INFO [Eureka-EvictionTimer][AbstractInstanceRegistry.java:1250] - Running the evict task with compensationTime 0ms
2020-02-08 14:45:33,832 INFO [Eureka-EvictionTimer][AbstractInstanceRegistry.java:1250] - Running the evict task with compensationTime 0ms
2020-02-08 14:45:43,833 INFO [Eureka-EvictionTimer][AbstractInstanceRegistry.java:1250] - Running the evict task with compensationTime 0ms
2020-02-08 14:45:53,833 INFO [Eureka-EvictionTimer][AbstractInstanceRegistry.java:1250] - Running the evict task with compensationTime 0ms
